<?xml version="1.0" encoding="UTF-8"?>
<!-- Generated by org.testng.reporters.JUnitReportReporter -->
<testsuite hostname="LAPTOP-90PJD2RN" failures="0" tests="4" name="com.facebook.Tests.SignInTests" time="19.603" errors="0" timestamp="2023-10-31T16:42:12 IST" skipped="0">
  <testcase classname="com.facebook.Tests.SignInTests" name="loginWithValidCredential" time="9.584"/>
  <system-out/>
  <testcase classname="com.facebook.Tests.SignInTests" name="loginWithInValidEmail" time="2.969"/>
  <system-out/>
  <testcase classname="com.facebook.Tests.SignInTests" name="loginWithInValidPassWord" time="2.655"/>
  <system-out/>
  <testcase classname="com.facebook.Tests.SignInTests" name="loginWithBlankCradinital" time="4.395"/>
  <system-out/>
</testsuite> <!-- com.facebook.Tests.SignInTests -->
