<?xml version="1.0" encoding="UTF-8"?>
<!-- Generated by org.testng.reporters.JUnitReportReporter -->
<testsuite hostname="LAPTOP-90PJD2RN" failures="0" tests="1" name="com.facebook.Tests.CartTest" time="27.632" errors="0" timestamp="2023-11-11T10:51:55 IST" skipped="0">
  <testcase classname="com.facebook.Tests.CartTest" name="openURL" time="27.632"/>
</testsuite> <!-- com.facebook.Tests.CartTest -->
