<?xml version="1.0" encoding="UTF-8"?>
<!-- Generated by org.testng.reporters.JUnitReportReporter -->
<testsuite hostname="LAPTOP-90PJD2RN" failures="0" tests="1" name="com.facebook.Tests.SignInTests6" time="15.421" errors="0" timestamp="2023-11-11T13:37:10 IST" skipped="0">
  <testcase classname="com.facebook.Tests.SignInTests6" name="loginWithBlankCradinital" time="15.421"/>
</testsuite> <!-- com.facebook.Tests.SignInTests6 -->
