<?xml version="1.0" encoding="UTF-8"?>
<!-- Generated by org.testng.reporters.JUnitReportReporter -->
<testsuite hostname="LAPTOP-90PJD2RN" failures="0" tests="1" name="com.facebook.Tests.SignInTests3" time="3.862" errors="0" timestamp="2023-11-10T14:58:24 IST" skipped="0">
  <testcase classname="com.facebook.Tests.SignInTests3" name="loginWithInValidEmail" time="3.862"/>
</testsuite> <!-- com.facebook.Tests.SignInTests3 -->
