<?xml version="1.0" encoding="UTF-8"?>
<!-- Generated by org.testng.reporters.JUnitReportReporter -->
<testsuite hostname="LAPTOP-90PJD2RN" failures="0" tests="4" name="com.facebook.Tests.SignInTests4" time="50.439" errors="0" timestamp="2023-11-10T18:37:05 IST" skipped="0">
  <testcase classname="com.facebook.Tests.SignInTests4" name="loginWithInValidPassWord" time="13.583"/>
  <testcase classname="com.facebook.Tests.SignInTests4" name="loginWithInValidPassWord" time="17.082"/>
  <testcase classname="com.facebook.Tests.SignInTests4" name="loginWithInValidPassWord" time="12.263"/>
  <testcase classname="com.facebook.Tests.SignInTests4" name="loginWithInValidPassWord" time="7.511"/>
</testsuite> <!-- com.facebook.Tests.SignInTests4 -->
