<?xml version="1.0" encoding="UTF-8"?>
<!-- Generated by org.testng.reporters.JUnitReportReporter -->
<testsuite hostname="LAPTOP-90PJD2RN" failures="0" tests="1" name="com.amazon.Tests.CartTest" time="19.374" errors="0" timestamp="2023-10-03T12:41:32 IST" skipped="0">
  <testcase classname="com.amazon.Tests.CartTest" name="openURL" time="19.374"/>
  <system-out/>
</testsuite> <!-- com.amazon.Tests.CartTest -->
